\BOOKMARK [0][-]{chapter.1}{\376\377\000O\000n\000\040\000S\000e\000n\000s\000u\000a\000l\000\040\000P\000l\000e\000a\000s\000u\000r\000e}{}% 1
\BOOKMARK [0][-]{chapter.2}{\376\377\000O\000n\000\040\000C\000a\000v\000e\000\040\000A\000b\000i\000d\000i\000n\000g}{}% 2
\BOOKMARK [0][-]{chapter.3}{\376\377\000O\000n\000\040\000t\000h\000e\000\040\000E\000v\000i\000l\000-\000M\000i\000n\000d\000e\000d}{}% 3
\BOOKMARK [0][-]{chapter.4}{\376\377\000O\000n\000\040\000P\000u\000r\000i\000t\000y}{}% 4
\BOOKMARK [0][-]{chapter.5}{\376\377\000O\000n\000\040\000t\000h\000e\000\040\000H\000i\000g\000h\000e\000s\000t\000\040\000G\000o\000a\000l}{}% 5
\BOOKMARK [0][-]{chapter.6}{\376\377\000O\000n\000\040\000D\000e\000c\000r\000e\000p\000i\000t\000u\000d\000e}{}% 6
\BOOKMARK [0][-]{chapter.7}{\376\377\000W\000i\000t\000h\000\040\000T\000i\000s\000s\000a\000\040\000M\000e\000t\000t\000e\000y\000y\000a}{}% 7
\BOOKMARK [0][-]{chapter.8}{\376\377\000W\000i\000t\000h\000\040\000P\000a\000s\001\153\000r\000a}{}% 8
\BOOKMARK [0][-]{chapter.9}{\376\377\000W\000i\000t\000h\000\040\000M\001\001\000g\000a\000n\003\043\000d\003\043\000i\000y\000a}{}% 9
\BOOKMARK [0][-]{chapter.10}{\376\377\000B\000e\000f\000o\000r\000e\000\040\000t\000h\000e\000\040\000B\000o\000d\000y\000'\000s\000\040\000D\000e\000s\000t\000r\000u\000c\000t\000i\000o\000n}{}% 10
\BOOKMARK [0][-]{chapter.11}{\376\377\000Q\000u\000a\000r\000r\000e\000l\000s\000\040\000a\000n\000d\000\040\000D\000i\000s\000p\000u\000t\000e\000s}{}% 11
\BOOKMARK [0][-]{chapter.12}{\376\377\000T\000h\000e\000\040\000L\000e\000s\000s\000e\000r\000\040\000B\000l\000i\000n\000d\000\040\000A\000l\000l\000e\000y}{}% 12
\BOOKMARK [0][-]{chapter.13}{\376\377\000T\000h\000e\000\040\000G\000r\000e\000a\000t\000e\000r\000\040\000B\000l\000i\000n\000d\000\040\000A\000l\000l\000e\000y}{}% 13
\BOOKMARK [0][-]{chapter.14}{\376\377\000T\000h\000e\000\040\000Q\000u\000i\000c\000k\000\040\000D\000i\000s\000c\000o\000u\000r\000s\000e}{}% 14
\BOOKMARK [0][-]{chapter.15}{\376\377\000O\000n\000\040\000V\000i\000o\000l\000e\000n\000c\000e}{}% 15
\BOOKMARK [0][-]{chapter.16}{\376\377\000W\000i\000t\000h\000\040\000S\001\001\000r\000i\000p\000u\000t\000t\000a}{}% 16
\BOOKMARK [0][-]{chapter.1}{\376\377\000T\000h\000e\000\040\000O\000c\000t\000a\000d\000s\000\040\000i\000n\000\040\000a\000\040\000N\000u\000t\000s\000h\000e\000l\000l}{}% 17
\BOOKMARK [0][-]{chapter.2}{\376\377\000G\000o\000a\000l\000\040\000a\000n\000d\000\040\000p\000a\000t\000h\000:\000\040\000w\000h\000a\000t\000\040\000i\000s\000\040\000t\000h\000e\000\040\000r\000e\000l\000a\000t\000i\000o\000n\000s\000h\000i\000p\000?}{}% 18
\BOOKMARK [0][-]{chapter.3}{\376\377\000D\000o\000\040\000a\000r\000a\000h\000a\000n\000t\000s\000\040\000t\000h\000i\000n\000k\000\040\000`\000I\000\040\000a\000m\000'\000?}{}% 19
\BOOKMARK [0][-]{chapter.4}{\376\377\000D\000o\000\040\000a\000r\000a\000h\000a\000n\000t\000s\000\040\000c\000o\000m\000p\000a\000r\000e\000\040\000t\000h\000e\000m\000s\000e\000l\000v\000e\000s\000?}{}% 20
\BOOKMARK [0][-]{chapter.5}{\376\377\000D\000i\000d\000\040\000t\000h\000e\000\040\000B\000u\000d\000d\000h\000a\000\040\000t\000h\000i\000n\000k\000\040\000B\000u\000d\000d\000h\000i\000s\000m\000\040\000w\000a\000s\000\040\000t\000h\000e\000\040\000b\000e\000s\000t\000?}{}% 21
\BOOKMARK [0][-]{chapter.6}{\376\377\000W\000h\000a\000t\000\040\000h\000a\000p\000p\000e\000n\000s\000\040\000t\000o\000\040\000a\000n\000\040\000a\000r\000a\000h\000a\000n\000t\000\040\000a\000t\000\040\000d\000e\000a\000t\000h\000?}{}% 22
\BOOKMARK [0][-]{chapter.7}{\376\377\000I\000s\000\040\000t\000h\000e\000\040\000a\000r\000a\000h\000a\000n\000t\000\040\000f\000r\000e\000e\000\040\000o\000f\000\040\000k\000a\000m\000m\000a\000?}{}% 23
\BOOKMARK [0][-]{chapter.8}{\376\377\000D\000o\000\040\000a\000r\000a\000h\000a\000n\000t\000s\000\040\000b\000l\000a\000m\000e\000\040\000t\000h\000e\000m\000s\000e\000l\000v\000e\000s\000?}{}% 24
\BOOKMARK [0][-]{chapter.9}{\376\377\000W\000h\000a\000t\000\040\000i\000s\000\040\000t\000h\000e\000\040\000c\000o\000n\000s\000c\000i\000o\000u\000s\000n\000e\000s\000s\000\040\000o\000f\000\040\000a\000n\000\040\000a\000r\000a\000h\000a\000n\000t\000?}{}% 25
\BOOKMARK [0][-]{chapter.10}{\376\377\000S\000h\000o\000u\000l\000d\000\040\000m\000o\000n\000k\000s\000\040\000f\000o\000r\000s\000a\000k\000e\000\040\000p\000r\000e\000c\000e\000p\000t\000s\000\040\000a\000n\000d\000\040\000p\000r\000a\000c\000t\000i\000c\000e\000s\000?}{}% 26
\BOOKMARK [0][-]{chapter.11}{\376\377\000T\000h\000e\000\040\000S\000t\000o\000r\000y\000\040\000o\000f\000\040\000V\000e\000n\000e\000r\000a\000b\000l\000e\000\040\000S\000o\000n\003\043\000a}{}% 27
\BOOKMARK [0][-]{chapter.12}{\376\377\000V\000e\000n\000e\000r\000a\000b\000l\000e\000\040\000M\000a\000h\001\001\000k\000a\000c\000c\001\001\000n\000a\000'\000s\000\040\000e\000x\000p\000l\000a\000n\000a\000t\000i\000o\000n\000\040\000o\000f\000\040\000v\000e\000r\000s\000e\000\040\0008\0004\0004}{}% 28
\BOOKMARK [0][-]{chapter.13}{\376\377\000D\000o\000\040\000a\000r\000a\000h\000a\000n\000t\000s\000\040\000h\000a\000v\000e\000\040\000d\000i\000f\000f\000e\000r\000e\000n\000c\000e\000s\000\040\000i\000n\000\040\000o\000p\000i\000n\000i\000o\000n\000?}{}% 29
\BOOKMARK [0][-]{chapter.14}{\376\377\000T\000r\000a\000n\000s\000l\000a\000t\000i\000o\000n\000\040\000n\000o\000t\000e\000s}{}% 30
